21:06:14 INFO  : Launching XSCT server: xsct -n  -interactive /home/yuhaoliu/Projects/Verilog/AXI-SimpleDMA-Ultra96V2/src/app/temp_xsdb_launch_script.tcl
21:06:14 INFO  : Registering command handlers for Vitis TCF services
21:06:18 INFO  : Platform repository initialization has completed.
21:06:19 INFO  : XSCT server has started successfully.
21:06:19 INFO  : Successfully done setting XSCT server connection channel  
21:06:19 INFO  : plnx-install-location is set to ''
21:06:19 INFO  : Successfully done query RDI_DATADIR 
21:06:19 INFO  : Successfully done setting workspace for the tool. 
21:07:24 INFO  : Result from executing command 'getProjects': AXI_SimpleDMA_Accumulator_Platform
21:07:24 INFO  : Result from executing command 'getPlatforms': 
21:11:37 INFO  : No changes in MSS file content so sources will not be generated.
21:13:02 INFO  : Result from executing command 'getProjects': AXI_SimpleDMA_Accumulator_Platform
21:13:02 INFO  : Result from executing command 'getPlatforms': AXI_SimpleDMA_Accumulator_Platform|/home/yuhaoliu/Projects/Verilog/AXI-SimpleDMA-Ultra96V2/src/app/AXI_SimpleDMA_Accumulator_Platform/export/AXI_SimpleDMA_Accumulator_Platform/AXI_SimpleDMA_Accumulator_Platform.xpfm
21:15:29 INFO  : Checking for BSP changes to sync application flags for project 'AXI_SimpleDMA_Accumulator_app'...
21:16:46 INFO  : Connected to target on host '127.0.0.1' and port '3121'.
21:16:47 INFO  : Jtag cable 'Avnet USB-to-JTAG/UART Pod V1 1234-oj1A' is selected.
21:16:47 INFO  : 'jtag frequency' command is executed.
21:16:47 INFO  : Sourcing of '/home/yuhaoliu/Tools/Hardware/Xilinx/Vitis/2020.2/scripts/vitis/util/zynqmp_utils.tcl' is done.
21:16:47 INFO  : Context for 'APU' is selected.
21:16:48 INFO  : System reset is completed.
21:16:51 INFO  : 'after 3000' command is executed.
21:16:51 INFO  : 'targets -set -filter {jtag_cable_name =~ "Avnet USB-to-JTAG/UART Pod V1 1234-oj1A" && level==0 && jtag_device_ctx=="jsn-USB-to-JTAG/UART Pod V1-1234-oj1A-14710093-0"}' command is executed.
21:16:54 INFO  : Device configured successfully with "/home/yuhaoliu/Projects/Verilog/AXI-SimpleDMA-Ultra96V2/src/app/AXI_SimpleDMA_Accumulator_app/_ide/bitstream/Accumulator_bd_wrapper.bit"
21:16:54 INFO  : Context for 'APU' is selected.
21:16:56 INFO  : Hardware design and registers information is loaded from '/home/yuhaoliu/Projects/Verilog/AXI-SimpleDMA-Ultra96V2/src/app/AXI_SimpleDMA_Accumulator_Platform/export/AXI_SimpleDMA_Accumulator_Platform/hw/Accumulator_bd_wrapper.xsa'.
21:16:56 INFO  : 'configparams force-mem-access 1' command is executed.
21:16:56 INFO  : Context for 'APU' is selected.
21:16:56 INFO  : Sourcing of '/home/yuhaoliu/Projects/Verilog/AXI-SimpleDMA-Ultra96V2/src/app/AXI_SimpleDMA_Accumulator_app/_ide/psinit/psu_init.tcl' is done.
21:16:57 INFO  : 'psu_init' command is executed.
21:16:58 INFO  : 'after 1000' command is executed.
21:16:58 INFO  : 'psu_ps_pl_isolation_removal' command is executed.
21:16:59 INFO  : 'after 1000' command is executed.
21:16:59 INFO  : 'psu_ps_pl_reset_config' command is executed.
21:16:59 INFO  : 'catch {psu_protection}' command is executed.
21:16:59 INFO  : Context for processor 'psu_cortexa53_0' is selected.
21:16:59 INFO  : Processor reset is completed for 'psu_cortexa53_0'.
21:17:00 INFO  : The application '/home/yuhaoliu/Projects/Verilog/AXI-SimpleDMA-Ultra96V2/src/app/AXI_SimpleDMA_Accumulator_app/Debug/AXI_SimpleDMA_Accumulator_app.elf' is downloaded to processor 'psu_cortexa53_0'.
21:17:00 INFO  : 'configparams force-mem-access 0' command is executed.
21:17:00 INFO  : ----------------XSDB Script----------------
connect -url tcp:127.0.0.1:3121
source /home/yuhaoliu/Tools/Hardware/Xilinx/Vitis/2020.2/scripts/vitis/util/zynqmp_utils.tcl
targets -set -nocase -filter {name =~"APU*"}
rst -system
after 3000
targets -set -filter {jtag_cable_name =~ "Avnet USB-to-JTAG/UART Pod V1 1234-oj1A" && level==0 && jtag_device_ctx=="jsn-USB-to-JTAG/UART Pod V1-1234-oj1A-14710093-0"}
fpga -file /home/yuhaoliu/Projects/Verilog/AXI-SimpleDMA-Ultra96V2/src/app/AXI_SimpleDMA_Accumulator_app/_ide/bitstream/Accumulator_bd_wrapper.bit
targets -set -nocase -filter {name =~"APU*"}
loadhw -hw /home/yuhaoliu/Projects/Verilog/AXI-SimpleDMA-Ultra96V2/src/app/AXI_SimpleDMA_Accumulator_Platform/export/AXI_SimpleDMA_Accumulator_Platform/hw/Accumulator_bd_wrapper.xsa -mem-ranges [list {0x80000000 0xbfffffff} {0x400000000 0x5ffffffff} {0x1000000000 0x7fffffffff}] -regs
configparams force-mem-access 1
targets -set -nocase -filter {name =~"APU*"}
source /home/yuhaoliu/Projects/Verilog/AXI-SimpleDMA-Ultra96V2/src/app/AXI_SimpleDMA_Accumulator_app/_ide/psinit/psu_init.tcl
psu_init
after 1000
psu_ps_pl_isolation_removal
after 1000
psu_ps_pl_reset_config
catch {psu_protection}
targets -set -nocase -filter {name =~ "*A53*#0"}
rst -processor
dow /home/yuhaoliu/Projects/Verilog/AXI-SimpleDMA-Ultra96V2/src/app/AXI_SimpleDMA_Accumulator_app/Debug/AXI_SimpleDMA_Accumulator_app.elf
configparams force-mem-access 0
----------------End of Script----------------

21:17:00 INFO  : Context for processor 'psu_cortexa53_0' is selected.
21:17:00 INFO  : 'con' command is executed.
21:17:00 INFO  : ----------------XSDB Script (After Launch)----------------
targets -set -nocase -filter {name =~ "*A53*#0"}
con
----------------End of Script----------------

21:17:00 INFO  : Launch script is exported to file '/home/yuhaoliu/Projects/Verilog/AXI-SimpleDMA-Ultra96V2/src/app/AXI_SimpleDMA_Accumulator_app_system/_ide/scripts/systemdebugger_axi_simpledma_accumulator_app_system_standalone.tcl'
21:19:20 INFO  : Disconnected from the channel tcfchan#3.
